Build started 2/27/2016 5:19:23 PM.
     1>Project "C:\Program Files (x86)\Point Grey Research\FlyCapture2\src\1-NGC-3d\testOpencv\testOpencv.vcxproj" on node 2 (Build target(s)).
     1>ClCompile:
         c:\Program Files (x86)\Microsoft Visual Studio 10.0\VC\bin\x86_amd64\CL.exe /c /IC:\Users\MadMinute\Desktop\AUVSI\opencv\build\include /IC:\Users\MadMinute\Desktop\AUVSI\opencv\build\include\opencv /I..\..\include /I"C:\Program Files (x86)\Point Grey Research\FlyCapture2\include" /IC:\Users\MadMinute\Desktop\AUVSI\opencv\build\include /Zi /nologo /W3 /WX- /Od /D WIN32 /D _DEBUG /D _CONSOLE /D _UNICODE /D UNICODE /Gm /EHsc /RTC1 /MDd /GS /fp:precise /Zc:wchar_t /Zc:forScope /Fo"x64\Debug\\" /Fd"x64\Debug\vc100.pdb" /Gd /TP /errorReport:prompt Detection.cpp Source.cpp
         Source.cpp
         Detection.cpp
     1>Detection.cpp(120): warning C4244: 'argument' : conversion from 'int' to 'float', possible loss of data
     1>Detection.cpp(120): warning C4244: 'argument' : conversion from 'int' to 'float', possible loss of data
     1>Detection.cpp(121): warning C4244: 'argument' : conversion from 'int' to 'float', possible loss of data
     1>Detection.cpp(121): warning C4244: 'argument' : conversion from 'int' to 'float', possible loss of data
     1>Detection.cpp(122): warning C4244: 'argument' : conversion from 'int' to 'float', possible loss of data
     1>Detection.cpp(122): warning C4244: 'argument' : conversion from 'int' to 'float', possible loss of data
     1>Detection.cpp(123): warning C4244: 'argument' : conversion from 'int' to 'float', possible loss of data
     1>Detection.cpp(123): warning C4244: 'argument' : conversion from 'int' to 'float', possible loss of data
         Generating Code...
     1>c:\program files (x86)\point grey research\flycapture2\src\1-ngc-3d\testopencv\detection.cpp(43): warning C4715: 'detect_object' : not all control paths return a value
       ManifestResourceCompile:
         c:\Program Files (x86)\Microsoft SDKs\Windows\v7.0A\bin\rc.exe /nologo /fo"x64\Debug\testOpencv.exe.embed.manifest.res" x64\Debug\testOpencv_manifest.rc 
       Link:
         c:\Program Files (x86)\Microsoft Visual Studio 10.0\VC\bin\x86_amd64\link.exe /ERRORREPORT:PROMPT /OUT:"C:\Program Files (x86)\Point Grey Research\FlyCapture2\src\1-NGC-3d\x64\Debug\testOpencv.exe" /INCREMENTAL /NOLOGO /LIBPATH:C:\OpenCV\build\x64\vc11\lib /LIBPATH:..\..\lib /LIBPATH:"C:\Program Files (x86)\Point Grey Research\FlyCapture2\lib" /LIBPATH:C:\Users\MadMinute\Desktop\AUVSI\opencv\build\include FlyCapture2d_v100.lib opencv_calib3d2410d.lib opencv_contrib2410d.lib opencv_core2410d.lib opencv_features2d2410d.lib opencv_flann2410d.lib opencv_gpu2410d.lib opencv_highgui2410d.lib opencv_imgproc2410d.lib opencv_legacy2410d.lib opencv_ml2410d.lib opencv_nonfree2410d.lib opencv_objdetect2410d.lib opencv_ocl2410d.lib opencv_photo2410d.lib opencv_stitching2410d.lib opencv_superres2410d.lib opencv_ts2410d.lib opencv_video2410d.lib opencv_videostab2410d.lib kernel32.lib user32.lib gdi32.lib winspool.lib comdlg32.lib advapi32.lib shell32.lib ole32.lib oleaut32.lib uuid.lib odbc32.lib odbccp32.lib /MANIFEST /ManifestFile:"x64\Debug\testOpencv.exe.intermediate.manifest" /MANIFESTUAC:"level='asInvoker' uiAccess='false'" /DEBUG /PDB:"C:\Program Files (x86)\Point Grey Research\FlyCapture2\src\1-NGC-3d\x64\Debug\testOpencv.pdb" /ASSEMBLYDEBUG /SUBSYSTEM:CONSOLE /TLBID:1 /DYNAMICBASE /NXCOMPAT /IMPLIB:"C:\Program Files (x86)\Point Grey Research\FlyCapture2\src\1-NGC-3d\x64\Debug\testOpencv.lib" /MACHINE:X64 x64\Debug\testOpencv.exe.embed.manifest.res
         x64\Debug\Detection.obj
         x64\Debug\Source.obj
     1>opencv_highgui2410d.lib(opencv_highgui2410d.dll) : fatal error LNK1112: module machine type 'X86' conflicts with target machine type 'x64'
     1>Done Building Project "C:\Program Files (x86)\Point Grey Research\FlyCapture2\src\1-NGC-3d\testOpencv\testOpencv.vcxproj" (Build target(s)) -- FAILED.

Build FAILED.

Time Elapsed 00:00:03.02
